<?xml version="1.0" encoding="UTF-8"?>
<testng-results skipped="0" failed="0" ignored="0" total="1" passed="1">
  <reporter-output>
  </reporter-output>
  <suite name="Suite" duration-ms="18934" started-at="2018-11-12T07:19:23Z" finished-at="2018-11-12T07:19:42Z">
    <groups>
    </groups>
    <test name="Test" duration-ms="18934" started-at="2018-11-12T07:19:23Z" finished-at="2018-11-12T07:19:42Z">
      <class name="p1.ExecuteTest">
        <test-method status="PASS" signature="Test_01()[pri:0, instance:p1.ExecuteTest@9629756]" name="Test_01" duration-ms="18903" started-at="2018-11-12T07:19:23Z" finished-at="2018-11-12T07:19:42Z">
          <reporter-output>
          </reporter-output>
        </test-method> <!-- Test_01 -->
      </class> <!-- p1.ExecuteTest -->
    </test> <!-- Test -->
  </suite> <!-- Suite -->
</testng-results>
